[08-Apr-2019 19:16:55 UTC] PHP Warning:  include(dbConnection.php): failed to open stream: No such file or directory in /home/ubuntu/workspace/cst336/practice/p8/api/get_word_api.php on line 5
[08-Apr-2019 19:16:55 UTC] PHP Stack trace:
[08-Apr-2019 19:16:55 UTC] PHP   1. {main}() /home/ubuntu/workspace/cst336/practice/p8/api/get_word_api.php:0
[08-Apr-2019 19:16:55 UTC] PHP Warning:  include(): Failed opening 'dbConnection.php' for inclusion (include_path='.:/usr/share/php:/usr/share/pear') in /home/ubuntu/workspace/cst336/practice/p8/api/get_word_api.php on line 5
[08-Apr-2019 19:16:55 UTC] PHP Stack trace:
[08-Apr-2019 19:16:55 UTC] PHP   1. {main}() /home/ubuntu/workspace/cst336/practice/p8/api/get_word_api.php:0
[08-Apr-2019 19:16:55 UTC] PHP Fatal error:  Call to undefined function getDatabaseConnection() in /home/ubuntu/workspace/cst336/practice/p8/api/get_word_api.php on line 6
[08-Apr-2019 19:16:55 UTC] PHP Stack trace:
[08-Apr-2019 19:16:55 UTC] PHP   1. {main}() /home/ubuntu/workspace/cst336/practice/p8/api/get_word_api.php:0
[08-Apr-2019 19:35:02 UTC] PHP Warning:  include(dbConnection.php): failed to open stream: No such file or directory in /home/ubuntu/workspace/cst336/practice/p8/api/check_word.php on line 4
[08-Apr-2019 19:35:02 UTC] PHP Stack trace:
[08-Apr-2019 19:35:02 UTC] PHP   1. {main}() /home/ubuntu/workspace/cst336/practice/p8/api/check_word.php:0
[08-Apr-2019 19:35:02 UTC] PHP Warning:  include(): Failed opening 'dbConnection.php' for inclusion (include_path='.:/usr/share/php:/usr/share/pear') in /home/ubuntu/workspace/cst336/practice/p8/api/check_word.php on line 4
[08-Apr-2019 19:35:02 UTC] PHP Stack trace:
[08-Apr-2019 19:35:02 UTC] PHP   1. {main}() /home/ubuntu/workspace/cst336/practice/p8/api/check_word.php:0
[08-Apr-2019 19:35:03 UTC] PHP Warning:  include(dbConnection.php): failed to open stream: No such file or directory in /home/ubuntu/workspace/cst336/practice/p8/api/check_word.php on line 4
[08-Apr-2019 19:35:03 UTC] PHP Stack trace:
[08-Apr-2019 19:35:03 UTC] PHP   1. {main}() /home/ubuntu/workspace/cst336/practice/p8/api/check_word.php:0
[08-Apr-2019 19:35:03 UTC] PHP Warning:  include(): Failed opening 'dbConnection.php' for inclusion (include_path='.:/usr/share/php:/usr/share/pear') in /home/ubuntu/workspace/cst336/practice/p8/api/check_word.php on line 4
[08-Apr-2019 19:35:03 UTC] PHP Stack trace:
[08-Apr-2019 19:35:03 UTC] PHP   1. {main}() /home/ubuntu/workspace/cst336/practice/p8/api/check_word.php:0
[08-Apr-2019 19:35:03 UTC] PHP Warning:  include(dbConnection.php): failed to open stream: No such file or directory in /home/ubuntu/workspace/cst336/practice/p8/api/check_word.php on line 4
[08-Apr-2019 19:35:03 UTC] PHP Stack trace:
[08-Apr-2019 19:35:03 UTC] PHP   1. {main}() /home/ubuntu/workspace/cst336/practice/p8/api/check_word.php:0
[08-Apr-2019 19:35:03 UTC] PHP Warning:  include(): Failed opening 'dbConnection.php' for inclusion (include_path='.:/usr/share/php:/usr/share/pear') in /home/ubuntu/workspace/cst336/practice/p8/api/check_word.php on line 4
[08-Apr-2019 19:35:03 UTC] PHP Stack trace:
[08-Apr-2019 19:35:03 UTC] PHP   1. {main}() /home/ubuntu/workspace/cst336/practice/p8/api/check_word.php:0
[08-Apr-2019 19:35:13 UTC] PHP Warning:  include(dbConnection.php): failed to open stream: No such file or directory in /home/ubuntu/workspace/cst336/practice/p8/api/check_word.php on line 4
[08-Apr-2019 19:35:13 UTC] PHP Stack trace:
[08-Apr-2019 19:35:13 UTC] PHP   1. {main}() /home/ubuntu/workspace/cst336/practice/p8/api/check_word.php:0
[08-Apr-2019 19:35:13 UTC] PHP Warning:  include(): Failed opening 'dbConnection.php' for inclusion (include_path='.:/usr/share/php:/usr/share/pear') in /home/ubuntu/workspace/cst336/practice/p8/api/check_word.php on line 4
[08-Apr-2019 19:35:13 UTC] PHP Stack trace:
[08-Apr-2019 19:35:13 UTC] PHP   1. {main}() /home/ubuntu/workspace/cst336/practice/p8/api/check_word.php:0
[08-Apr-2019 19:35:13 UTC] PHP Warning:  include(dbConnection.php): failed to open stream: No such file or directory in /home/ubuntu/workspace/cst336/practice/p8/api/check_word.php on line 4
[08-Apr-2019 19:35:13 UTC] PHP Stack trace:
[08-Apr-2019 19:35:13 UTC] PHP   1. {main}() /home/ubuntu/workspace/cst336/practice/p8/api/check_word.php:0
[08-Apr-2019 19:35:13 UTC] PHP Warning:  include(): Failed opening 'dbConnection.php' for inclusion (include_path='.:/usr/share/php:/usr/share/pear') in /home/ubuntu/workspace/cst336/practice/p8/api/check_word.php on line 4
[08-Apr-2019 19:35:13 UTC] PHP Stack trace:
[08-Apr-2019 19:35:13 UTC] PHP   1. {main}() /home/ubuntu/workspace/cst336/practice/p8/api/check_word.php:0
[08-Apr-2019 19:52:40 UTC] PHP Warning:  include(dbConnection.php): failed to open stream: No such file or directory in /home/ubuntu/workspace/cst336/practice/p8/api/get_word_api.php on line 5
[08-Apr-2019 19:52:40 UTC] PHP Stack trace:
[08-Apr-2019 19:52:40 UTC] PHP   1. {main}() /home/ubuntu/workspace/cst336/practice/p8/api/get_word_api.php:0
[08-Apr-2019 19:52:40 UTC] PHP Warning:  include(): Failed opening 'dbConnection.php' for inclusion (include_path='.:/usr/share/php:/usr/share/pear') in /home/ubuntu/workspace/cst336/practice/p8/api/get_word_api.php on line 5
[08-Apr-2019 19:52:40 UTC] PHP Stack trace:
[08-Apr-2019 19:52:40 UTC] PHP   1. {main}() /home/ubuntu/workspace/cst336/practice/p8/api/get_word_api.php:0
[08-Apr-2019 19:52:40 UTC] PHP Fatal error:  Call to undefined function getDatabaseConnection() in /home/ubuntu/workspace/cst336/practice/p8/api/get_word_api.php on line 6
[08-Apr-2019 19:52:40 UTC] PHP Stack trace:
[08-Apr-2019 19:52:40 UTC] PHP   1. {main}() /home/ubuntu/workspace/cst336/practice/p8/api/get_word_api.php:0
