[09-May-2019 08:54:01 UTC] PHP Fatal error:  Uncaught exception 'PDOException' with message 'SQLSTATE[42000]: Syntax error or access violation: 1064 You have an error in your SQL syntax; check the manual that corresponds to your MariaDB server version for the right syntax to use near '(unitPrice)
                                       VALUES ('500')' at line 1' in /home/ubuntu/workspace/shoeStore/api/db/dao/PurchasesDao.php:17
Stack trace:
#0 /home/ubuntu/workspace/shoeStore/api/db/dao/PurchasesDao.php(17): PDOStatement->execute()
#1 /home/ubuntu/workspace/shoeStore/api/db/Database.php(25): PurchasesDao->insert(500)
#2 /home/ubuntu/workspace/shoeStore/api/db/Database.php(42): Database->__construct()
#3 /home/ubuntu/workspace/shoeStore/api/db/Database.php(33): Database::__getSelf()
#4 /home/ubuntu/workspace/shoeStore/api/product/getAllProducts.php(11): Database::getProductDao()
#5 {main}
  thrown in /home/ubuntu/workspace/shoeStore/api/db/dao/PurchasesDao.php on line 17
[09-May-2019 08:54:48 UTC] PHP Fatal error:  Uncaught exception 'PDOException' with message 'SQLSTATE[42000]: Syntax error or access violation: 1064 You have an error in your SQL syntax; check the manual that corresponds to your MariaDB server version for the right syntax to use near '(unitPrice) VALUES ('500')' at line 1' in /home/ubuntu/workspace/shoeStore/api/db/dao/PurchasesDao.php:16
Stack trace:
#0 /home/ubuntu/workspace/shoeStore/api/db/dao/PurchasesDao.php(16): PDOStatement->execute()
#1 /home/ubuntu/workspace/shoeStore/api/db/Database.php(25): PurchasesDao->insert(500)
#2 /home/ubuntu/workspace/shoeStore/api/db/Database.php(42): Database->__construct()
#3 /home/ubuntu/workspace/shoeStore/api/db/Database.php(33): Database::__getSelf()
#4 /home/ubuntu/workspace/shoeStore/api/product/getAllProducts.php(11): Database::getProductDao()
#5 {main}
  thrown in /home/ubuntu/workspace/shoeStore/api/db/dao/PurchasesDao.php on line 16
[09-May-2019 08:55:45 UTC] PHP Fatal error:  Uncaught exception 'PDOException' with message 'SQLSTATE[42000]: Syntax error or access violation: 1064 You have an error in your SQL syntax; check the manual that corresponds to your MariaDB server version for the right syntax to use near '(unitPrice) VALUES ('500')' at line 1' in /home/ubuntu/workspace/shoeStore/api/db/dao/PurchasesDao.php:16
Stack trace:
#0 /home/ubuntu/workspace/shoeStore/api/db/dao/PurchasesDao.php(16): PDOStatement->execute()
#1 /home/ubuntu/workspace/shoeStore/api/db/Database.php(25): PurchasesDao->insert(500)
#2 /home/ubuntu/workspace/shoeStore/api/db/Database.php(42): Database->__construct()
#3 /home/ubuntu/workspace/shoeStore/api/db/Database.php(33): Database::__getSelf()
#4 /home/ubuntu/workspace/shoeStore/api/product/getAllProducts.php(11): Database::getProductDao()
#5 {main}
  thrown in /home/ubuntu/workspace/shoeStore/api/db/dao/PurchasesDao.php on line 16
[09-May-2019 09:03:31 UTC] PHP Fatal error:  Uncaught exception 'PDOException' with message 'SQLSTATE[42S22]: Column not found: 1054 Unknown column 'price' in 'field list'' in /home/ubuntu/workspace/shoeStore/api/db/dao/PurchasesDao.php:22
Stack trace:
#0 /home/ubuntu/workspace/shoeStore/api/db/dao/PurchasesDao.php(22): PDOStatement->execute()
#1 /home/ubuntu/workspace/shoeStore/api/product/getAvgSale.php(11): PurchasesDao->findByAvg()
#2 {main}
  thrown in /home/ubuntu/workspace/shoeStore/api/db/dao/PurchasesDao.php on line 22
[09-May-2019 09:03:35 UTC] PHP Fatal error:  Uncaught exception 'PDOException' with message 'SQLSTATE[42S22]: Column not found: 1054 Unknown column 'price' in 'field list'' in /home/ubuntu/workspace/shoeStore/api/db/dao/PurchasesDao.php:22
Stack trace:
#0 /home/ubuntu/workspace/shoeStore/api/db/dao/PurchasesDao.php(22): PDOStatement->execute()
#1 /home/ubuntu/workspace/shoeStore/api/product/getAvgSale.php(11): PurchasesDao->findByAvg()
#2 {main}
  thrown in /home/ubuntu/workspace/shoeStore/api/db/dao/PurchasesDao.php on line 22
