[29-Apr-2019 19:33:59 UTC] PHP Fatal error:  Uncaught exception 'PDOException' with message 'SQLSTATE[HY000]: General error' in /home/ubuntu/workspace/cst336/practice/p10/api/saveEmail.php:10
Stack trace:
#0 /home/ubuntu/workspace/cst336/practice/p10/api/saveEmail.php(10): PDOStatement->fetch(2)
#1 {main}
  thrown in /home/ubuntu/workspace/cst336/practice/p10/api/saveEmail.php on line 10
[29-Apr-2019 19:41:24 UTC] PHP Fatal error:  Uncaught exception 'PDOException' with message 'SQLSTATE[23000]: Integrity constraint violation: 1062 Duplicate entry 'gurjotsandhu11.3@gmail.com' for key 'PRIMARY'' in /home/ubuntu/workspace/cst336/practice/p10/api/saveEmail.php:9
Stack trace:
#0 /home/ubuntu/workspace/cst336/practice/p10/api/saveEmail.php(9): PDOStatement->execute(NULL)
#1 {main}
  thrown in /home/ubuntu/workspace/cst336/practice/p10/api/saveEmail.php on line 9
[29-Apr-2019 19:41:26 UTC] PHP Fatal error:  Uncaught exception 'PDOException' with message 'SQLSTATE[23000]: Integrity constraint violation: 1062 Duplicate entry 'gurjotsandhu11.3@gmail.com' for key 'PRIMARY'' in /home/ubuntu/workspace/cst336/practice/p10/api/saveEmail.php:9
Stack trace:
#0 /home/ubuntu/workspace/cst336/practice/p10/api/saveEmail.php(9): PDOStatement->execute(NULL)
#1 {main}
  thrown in /home/ubuntu/workspace/cst336/practice/p10/api/saveEmail.php on line 9
[29-Apr-2019 19:42:36 UTC] PHP Fatal error:  Uncaught exception 'PDOException' with message 'SQLSTATE[HY000]: General error' in /home/ubuntu/workspace/cst336/practice/p10/api/saveEmail.php:10
Stack trace:
#0 /home/ubuntu/workspace/cst336/practice/p10/api/saveEmail.php(10): PDOStatement->fetch(2)
#1 {main}
  thrown in /home/ubuntu/workspace/cst336/practice/p10/api/saveEmail.php on line 10
[29-Apr-2019 19:44:29 UTC] PHP Fatal error:  Uncaught exception 'PDOException' with message 'SQLSTATE[HY000]: General error' in /home/ubuntu/workspace/cst336/practice/p10/api/saveEmail.php:10
Stack trace:
#0 /home/ubuntu/workspace/cst336/practice/p10/api/saveEmail.php(10): PDOStatement->fetch(2)
#1 {main}
  thrown in /home/ubuntu/workspace/cst336/practice/p10/api/saveEmail.php on line 10
[29-Apr-2019 19:50:17 UTC] PHP Fatal error:  Uncaught exception 'PDOException' with message 'SQLSTATE[HY000]: General error' in /home/ubuntu/workspace/cst336/practice/p10/api/saveEmail.php:11
Stack trace:
#0 /home/ubuntu/workspace/cst336/practice/p10/api/saveEmail.php(11): PDOStatement->fetch(2)
#1 {main}
  thrown in /home/ubuntu/workspace/cst336/practice/p10/api/saveEmail.php on line 11
[29-Apr-2019 20:08:45 UTC] PHP Fatal error:  Uncaught exception 'PDOException' with message 'SQLSTATE[HY000]: General error' in /home/ubuntu/workspace/cst336/practice/p10/api/saveEmail.php:11
Stack trace:
#0 /home/ubuntu/workspace/cst336/practice/p10/api/saveEmail.php(11): PDOStatement->fetch(2)
#1 {main}
  thrown in /home/ubuntu/workspace/cst336/practice/p10/api/saveEmail.php on line 11
[29-Apr-2019 20:09:03 UTC] PHP Fatal error:  Uncaught exception 'PDOException' with message 'SQLSTATE[23000]: Integrity constraint violation: 1062 Duplicate entry 'bob@gmail.com' for key 'PRIMARY'' in /home/ubuntu/workspace/cst336/practice/p10/api/saveEmail.php:10
Stack trace:
#0 /home/ubuntu/workspace/cst336/practice/p10/api/saveEmail.php(10): PDOStatement->execute(NULL)
#1 {main}
  thrown in /home/ubuntu/workspace/cst336/practice/p10/api/saveEmail.php on line 10
[29-Apr-2019 20:09:39 UTC] PHP Fatal error:  Uncaught exception 'PDOException' with message 'SQLSTATE[HY000]: General error' in /home/ubuntu/workspace/cst336/practice/p10/api/saveEmail.php:11
Stack trace:
#0 /home/ubuntu/workspace/cst336/practice/p10/api/saveEmail.php(11): PDOStatement->fetch(2)
#1 {main}
  thrown in /home/ubuntu/workspace/cst336/practice/p10/api/saveEmail.php on line 11
[29-Apr-2019 20:09:41 UTC] PHP Fatal error:  Uncaught exception 'PDOException' with message 'SQLSTATE[23000]: Integrity constraint violation: 1062 Duplicate entry 'yoyoyo@yahoo.com' for key 'PRIMARY'' in /home/ubuntu/workspace/cst336/practice/p10/api/saveEmail.php:10
Stack trace:
#0 /home/ubuntu/workspace/cst336/practice/p10/api/saveEmail.php(10): PDOStatement->execute(NULL)
#1 {main}
  thrown in /home/ubuntu/workspace/cst336/practice/p10/api/saveEmail.php on line 10
[29-Apr-2019 20:10:20 UTC] PHP Fatal error:  Uncaught exception 'PDOException' with message 'SQLSTATE[23000]: Integrity constraint violation: 1062 Duplicate entry 'gurjotsandhu11.3@gmail.com' for key 'PRIMARY'' in /home/ubuntu/workspace/cst336/practice/p10/api/saveEmail.php:10
Stack trace:
#0 /home/ubuntu/workspace/cst336/practice/p10/api/saveEmail.php(10): PDOStatement->execute(NULL)
#1 {main}
  thrown in /home/ubuntu/workspace/cst336/practice/p10/api/saveEmail.php on line 10
[29-Apr-2019 20:12:31 UTC] PHP Fatal error:  Uncaught exception 'PDOException' with message 'SQLSTATE[23000]: Integrity constraint violation: 1062 Duplicate entry 'gurjotsandhu11.3@gmail.com' for key 'PRIMARY'' in /home/ubuntu/workspace/cst336/practice/p10/api/saveEmail.php:10
Stack trace:
#0 /home/ubuntu/workspace/cst336/practice/p10/api/saveEmail.php(10): PDOStatement->execute(NULL)
#1 {main}
  thrown in /home/ubuntu/workspace/cst336/practice/p10/api/saveEmail.php on line 10
[29-Apr-2019 20:12:38 UTC] PHP Fatal error:  Uncaught exception 'PDOException' with message 'SQLSTATE[23000]: Integrity constraint violation: 1062 Duplicate entry 'gurjotsandhu11.3@gmail.com' for key 'PRIMARY'' in /home/ubuntu/workspace/cst336/practice/p10/api/saveEmail.php:10
Stack trace:
#0 /home/ubuntu/workspace/cst336/practice/p10/api/saveEmail.php(10): PDOStatement->execute(NULL)
#1 {main}
  thrown in /home/ubuntu/workspace/cst336/practice/p10/api/saveEmail.php on line 10
[29-Apr-2019 20:12:40 UTC] PHP Fatal error:  Uncaught exception 'PDOException' with message 'SQLSTATE[23000]: Integrity constraint violation: 1062 Duplicate entry 'gurjotsandhu11.3@gmail.com' for key 'PRIMARY'' in /home/ubuntu/workspace/cst336/practice/p10/api/saveEmail.php:10
Stack trace:
#0 /home/ubuntu/workspace/cst336/practice/p10/api/saveEmail.php(10): PDOStatement->execute(NULL)
#1 {main}
  thrown in /home/ubuntu/workspace/cst336/practice/p10/api/saveEmail.php on line 10
[29-Apr-2019 20:14:16 UTC] PHP Fatal error:  Uncaught exception 'PDOException' with message 'SQLSTATE[23000]: Integrity constraint violation: 1062 Duplicate entry 'gurjotsandhu11.3@gmail.com' for key 'PRIMARY'' in /home/ubuntu/workspace/cst336/practice/p10/api/saveEmail.php:10
Stack trace:
#0 /home/ubuntu/workspace/cst336/practice/p10/api/saveEmail.php(10): PDOStatement->execute(NULL)
#1 {main}
  thrown in /home/ubuntu/workspace/cst336/practice/p10/api/saveEmail.php on line 10
[29-Apr-2019 20:16:37 UTC] PHP Fatal error:  Uncaught exception 'PDOException' with message 'SQLSTATE[23000]: Integrity constraint violation: 1062 Duplicate entry 'gurjotsandhu11.3@gmail.com' for key 'PRIMARY'' in /home/ubuntu/workspace/cst336/practice/p10/api/saveEmail.php:10
Stack trace:
#0 /home/ubuntu/workspace/cst336/practice/p10/api/saveEmail.php(10): PDOStatement->execute(NULL)
#1 {main}
  thrown in /home/ubuntu/workspace/cst336/practice/p10/api/saveEmail.php on line 10
[29-Apr-2019 20:17:23 UTC] PHP Fatal error:  Uncaught exception 'PDOException' with message 'SQLSTATE[23000]: Integrity constraint violation: 1062 Duplicate entry 'bob@gmail.com' for key 'PRIMARY'' in /home/ubuntu/workspace/cst336/practice/p10/api/saveEmail.php:10
Stack trace:
#0 /home/ubuntu/workspace/cst336/practice/p10/api/saveEmail.php(10): PDOStatement->execute(NULL)
#1 {main}
  thrown in /home/ubuntu/workspace/cst336/practice/p10/api/saveEmail.php on line 10
[29-Apr-2019 20:18:13 UTC] PHP Fatal error:  Uncaught exception 'PDOException' with message 'SQLSTATE[HY000]: General error' in /home/ubuntu/workspace/cst336/practice/p10/api/saveEmail.php:11
Stack trace:
#0 /home/ubuntu/workspace/cst336/practice/p10/api/saveEmail.php(11): PDOStatement->fetch(2)
#1 {main}
  thrown in /home/ubuntu/workspace/cst336/practice/p10/api/saveEmail.php on line 11
[29-Apr-2019 20:18:40 UTC] PHP Fatal error:  Uncaught exception 'PDOException' with message 'SQLSTATE[HY000]: General error' in /home/ubuntu/workspace/cst336/practice/p10/api/saveEmail.php:11
Stack trace:
#0 /home/ubuntu/workspace/cst336/practice/p10/api/saveEmail.php(11): PDOStatement->fetch(2)
#1 {main}
  thrown in /home/ubuntu/workspace/cst336/practice/p10/api/saveEmail.php on line 11
[29-Apr-2019 20:18:53 UTC] PHP Fatal error:  Uncaught exception 'PDOException' with message 'SQLSTATE[HY000]: General error' in /home/ubuntu/workspace/cst336/practice/p10/api/saveEmail.php:11
Stack trace:
#0 /home/ubuntu/workspace/cst336/practice/p10/api/saveEmail.php(11): PDOStatement->fetch(2)
#1 {main}
  thrown in /home/ubuntu/workspace/cst336/practice/p10/api/saveEmail.php on line 11
[29-Apr-2019 20:19:16 UTC] PHP Fatal error:  Uncaught exception 'PDOException' with message 'SQLSTATE[23000]: Integrity constraint violation: 1062 Duplicate entry 'yahoo@yahoo.com' for key 'PRIMARY'' in /home/ubuntu/workspace/cst336/practice/p10/api/saveEmail.php:10
Stack trace:
#0 /home/ubuntu/workspace/cst336/practice/p10/api/saveEmail.php(10): PDOStatement->execute(NULL)
#1 {main}
  thrown in /home/ubuntu/workspace/cst336/practice/p10/api/saveEmail.php on line 10
[29-Apr-2019 20:22:12 UTC] PHP Fatal error:  Uncaught exception 'PDOException' with message 'SQLSTATE[42000]: Syntax error or access violation: 1064 You have an error in your SQL syntax; check the manual that corresponds to your MySQL server version for the right syntax to use near '' at line 1' in /home/ubuntu/workspace/cst336/practice/p10/api/checkAnswer.php:12
Stack trace:
#0 /home/ubuntu/workspace/cst336/practice/p10/api/checkAnswer.php(12): PDOStatement->execute()
#1 {main}
  thrown in /home/ubuntu/workspace/cst336/practice/p10/api/checkAnswer.php on line 12
[29-Apr-2019 20:22:14 UTC] PHP Fatal error:  Uncaught exception 'PDOException' with message 'SQLSTATE[42000]: Syntax error or access violation: 1064 You have an error in your SQL syntax; check the manual that corresponds to your MySQL server version for the right syntax to use near '' at line 1' in /home/ubuntu/workspace/cst336/practice/p10/api/checkAnswer.php:12
Stack trace:
#0 /home/ubuntu/workspace/cst336/practice/p10/api/checkAnswer.php(12): PDOStatement->execute()
#1 {main}
  thrown in /home/ubuntu/workspace/cst336/practice/p10/api/checkAnswer.php on line 12
[29-Apr-2019 20:27:55 UTC] PHP Fatal error:  Uncaught exception 'PDOException' with message 'SQLSTATE[42000]: Syntax error or access violation: 1064 You have an error in your SQL syntax; check the manual that corresponds to your MySQL server version for the right syntax to use near '' at line 1' in /home/ubuntu/workspace/cst336/practice/p10/api/checkAnswer.php:12
Stack trace:
#0 /home/ubuntu/workspace/cst336/practice/p10/api/checkAnswer.php(12): PDOStatement->execute()
#1 {main}
  thrown in /home/ubuntu/workspace/cst336/practice/p10/api/checkAnswer.php on line 12
[29-Apr-2019 20:27:57 UTC] PHP Fatal error:  Uncaught exception 'PDOException' with message 'SQLSTATE[42000]: Syntax error or access violation: 1064 You have an error in your SQL syntax; check the manual that corresponds to your MySQL server version for the right syntax to use near '' at line 1' in /home/ubuntu/workspace/cst336/practice/p10/api/checkAnswer.php:12
Stack trace:
#0 /home/ubuntu/workspace/cst336/practice/p10/api/checkAnswer.php(12): PDOStatement->execute()
#1 {main}
  thrown in /home/ubuntu/workspace/cst336/practice/p10/api/checkAnswer.php on line 12
[29-Apr-2019 20:28:06 UTC] PHP Fatal error:  Uncaught exception 'PDOException' with message 'SQLSTATE[42000]: Syntax error or access violation: 1064 You have an error in your SQL syntax; check the manual that corresponds to your MySQL server version for the right syntax to use near '' at line 1' in /home/ubuntu/workspace/cst336/practice/p10/api/checkAnswer.php:12
Stack trace:
#0 /home/ubuntu/workspace/cst336/practice/p10/api/checkAnswer.php(12): PDOStatement->execute()
#1 {main}
  thrown in /home/ubuntu/workspace/cst336/practice/p10/api/checkAnswer.php on line 12
[29-Apr-2019 20:28:07 UTC] PHP Fatal error:  Uncaught exception 'PDOException' with message 'SQLSTATE[42000]: Syntax error or access violation: 1064 You have an error in your SQL syntax; check the manual that corresponds to your MySQL server version for the right syntax to use near '' at line 1' in /home/ubuntu/workspace/cst336/practice/p10/api/checkAnswer.php:12
Stack trace:
#0 /home/ubuntu/workspace/cst336/practice/p10/api/checkAnswer.php(12): PDOStatement->execute()
#1 {main}
  thrown in /home/ubuntu/workspace/cst336/practice/p10/api/checkAnswer.php on line 12
[29-Apr-2019 20:28:12 UTC] PHP Fatal error:  Uncaught exception 'PDOException' with message 'SQLSTATE[42000]: Syntax error or access violation: 1064 You have an error in your SQL syntax; check the manual that corresponds to your MySQL server version for the right syntax to use near '' at line 1' in /home/ubuntu/workspace/cst336/practice/p10/api/checkAnswer.php:12
Stack trace:
#0 /home/ubuntu/workspace/cst336/practice/p10/api/checkAnswer.php(12): PDOStatement->execute()
#1 {main}
  thrown in /home/ubuntu/workspace/cst336/practice/p10/api/checkAnswer.php on line 12
[29-Apr-2019 20:28:39 UTC] PHP Fatal error:  Uncaught exception 'PDOException' with message 'SQLSTATE[42000]: Syntax error or access violation: 1064 You have an error in your SQL syntax; check the manual that corresponds to your MySQL server version for the right syntax to use near '' at line 1' in /home/ubuntu/workspace/cst336/practice/p10/api/checkAnswer.php:12
Stack trace:
#0 /home/ubuntu/workspace/cst336/practice/p10/api/checkAnswer.php(12): PDOStatement->execute()
#1 {main}
  thrown in /home/ubuntu/workspace/cst336/practice/p10/api/checkAnswer.php on line 12
[29-Apr-2019 20:29:42 UTC] PHP Fatal error:  Uncaught exception 'PDOException' with message 'SQLSTATE[23000]: Integrity constraint violation: 1062 Duplicate entry 'gurjotsandhu11.3@gmail.com' for key 'PRIMARY'' in /home/ubuntu/workspace/cst336/practice/p10/api/saveEmail.php:10
Stack trace:
#0 /home/ubuntu/workspace/cst336/practice/p10/api/saveEmail.php(10): PDOStatement->execute(NULL)
#1 {main}
  thrown in /home/ubuntu/workspace/cst336/practice/p10/api/saveEmail.php on line 10
[29-Apr-2019 20:31:12 UTC] PHP Fatal error:  Uncaught exception 'PDOException' with message 'SQLSTATE[HY000]: General error' in /home/ubuntu/workspace/cst336/practice/p10/api/saveEmail.php:11
Stack trace:
#0 /home/ubuntu/workspace/cst336/practice/p10/api/saveEmail.php(11): PDOStatement->fetch(2)
#1 {main}
  thrown in /home/ubuntu/workspace/cst336/practice/p10/api/saveEmail.php on line 11
[29-Apr-2019 20:31:29 UTC] PHP Fatal error:  Uncaught exception 'PDOException' with message 'SQLSTATE[HY000]: General error' in /home/ubuntu/workspace/cst336/practice/p10/api/saveEmail.php:11
Stack trace:
#0 /home/ubuntu/workspace/cst336/practice/p10/api/saveEmail.php(11): PDOStatement->fetch(2)
#1 {main}
  thrown in /home/ubuntu/workspace/cst336/practice/p10/api/saveEmail.php on line 11
