[28-Mar-2019 20:46:12 UTC] PHP Fatal error:  Uncaught exception 'PDOException' with message 'SQLSTATE[HY000] [1049] Unknown database 'midterm_practice'' in /home/ubuntu/workspace/cst336/practice/p7/api/getProducts.php:7
Stack trace:
#0 /home/ubuntu/workspace/cst336/practice/p7/api/getProducts.php(7): PDO->__construct('mysql:host=loca...', 'root', '')
#1 {main}
  thrown in /home/ubuntu/workspace/cst336/practice/p7/api/getProducts.php on line 7
[28-Mar-2019 20:46:12 UTC] PHP Fatal error:  Uncaught exception 'PDOException' with message 'SQLSTATE[HY000] [1049] Unknown database 'midterm_practice'' in /home/ubuntu/workspace/cst336/practice/p7/api/getRandomProducts.php:8
Stack trace:
#0 /home/ubuntu/workspace/cst336/practice/p7/api/getRandomProducts.php(8): PDO->__construct('mysql:host=loca...', 'root', '')
#1 {main}
  thrown in /home/ubuntu/workspace/cst336/practice/p7/api/getRandomProducts.php on line 8
[28-Mar-2019 20:46:12 UTC] PHP Fatal error:  Uncaught exception 'PDOException' with message 'SQLSTATE[HY000] [1049] Unknown database 'midterm_practice'' in /home/ubuntu/workspace/cst336/practice/p7/api/applyPromoCode.php:7
Stack trace:
#0 /home/ubuntu/workspace/cst336/practice/p7/api/applyPromoCode.php(7): PDO->__construct('mysql:host=loca...', 'root', '')
#1 {main}
  thrown in /home/ubuntu/workspace/cst336/practice/p7/api/applyPromoCode.php on line 7
[28-Mar-2019 20:46:12 UTC] PHP Fatal error:  Uncaught exception 'PDOException' with message 'SQLSTATE[HY000] [1049] Unknown database 'midterm_practice'' in /home/ubuntu/workspace/cst336/practice/p7/api/getRandomPromo.php:7
Stack trace:
#0 /home/ubuntu/workspace/cst336/practice/p7/api/getRandomPromo.php(7): PDO->__construct('mysql:host=loca...', 'root', '')
#1 {main}
  thrown in /home/ubuntu/workspace/cst336/practice/p7/api/getRandomPromo.php on line 7
